#
# There is insufficient memory for the Java Runtime Environment to continue.
# Native memory allocation (malloc) failed to allocate 2082896 bytes for Chunk::new
# Possible reasons:
#   The system is out of physical RAM or swap space
#   The process is running with CompressedOops enabled, and the Java Heap may be blocking the growth of the native heap
# Possible solutions:
#   Reduce memory load on the system
#   Increase physical memory or swap space
#   Check if swap backing store is full
#   Decrease Java heap size (-Xmx/-Xms)
#   Decrease number of Java threads
#   Decrease Java thread stack sizes (-Xss)
#   Set larger code cache with -XX:ReservedCodeCacheSize=
#   JVM is running with Unscaled Compressed Oops mode in which the Java heap is
#     placed in the first 4GB address space. The Java Heap base address is the
#     maximum limit for the native heap growth. Please use -XX:HeapBaseMinAddress
#     to set the Java Heap base and to place the Java Heap above 4GB virtual address.
# This output file may be truncated or incomplete.
#
#  Out of Memory Error (./src/hotspot/share/memory/arena.cpp:197), pid=10148, tid=5016
#
# JRE version: OpenJDK Runtime Environment (11.0.10) (build 11.0.10+0-b96-7249189)
# Java VM: OpenJDK 64-Bit Server VM (11.0.10+0-b96-7249189, mixed mode, tiered, compressed oops, g1 gc, windows-amd64)
# No core dump will be written. Minidumps are not enabled by default on client versions of Windows
#

---------------  S U M M A R Y ------------

Command Line: org.jetbrains.kotlin.cli.jvm.K2JVMCompiler @C:\Users\EDUCACION\AndroidStudioProjects\ExampleMVVM\app\build\20220429_9551726658120886456.compiler.options

Host: Intel(R) Celeron(R) N4000 CPU @ 1.10GHz, 2 cores, 3G,  Windows 10 , 64 bit Build 19041 (10.0.19041.1645)
Time: Fri Apr 29 20:21:10 2022 Hora estándar oeste, Sudamérica elapsed time: 10.278217 seconds (0d 0h 0m 10s)

---------------  T H R E A D  ---------------

Current thread (0x000002a97fc93000):  JavaThread "C2 CompilerThread0" daemon [_thread_in_native, id=5016, stack(0x000000e2c1600000,0x000000e2c1700000)]


Current CompileTask:
C2:  10278 2940       4       java.lang.ClassLoader::loadClass (7 bytes)

Stack: [0x000000e2c1600000,0x000000e2c1700000]
Native frames: (J=compiled Java code, j=interpreted, Vv=VM code, C=native code)
V  [jvm.dll+0x5ecfaa]
V  [jvm.dll+0x722bd5]
V  [jvm.dll+0x72412d]
V  [jvm.dll+0x7247e3]
V  [jvm.dll+0x242928]
V  [jvm.dll+0xbc4fc]
V  [jvm.dll+0xbca0c]
V  [jvm.dll+0x352d7d]
V  [jvm.dll+0x19800c]
V  [jvm.dll+0x1fb70e]
V  [jvm.dll+0x1fa7f4]
V  [jvm.dll+0x18354c]
V  [jvm.dll+0x208ee7]
V  [jvm.dll+0x207731]
V  [jvm.dll+0x6eb1cf]
V  [jvm.dll+0x6e3d45]
V  [jvm.dll+0x5ebe96]
C  [ucrtbase.dll+0x21bb2]
C  [KERNEL32.DLL+0x17034]
C  [ntdll.dll+0x52651]


---------------  P R O C E S S  ---------------

Threads class SMR info:
_java_thread_list=0x000002a90015c6d0, length=10, elements={
0x000002a96655c000, 0x000002a97fc6a000, 0x000002a97fc6b000, 0x000002a97fc8b800,
0x000002a97fc8c800, 0x000002a97fc90000, 0x000002a97fc93000, 0x000002a900028800,
0x000002a900031000, 0x000002a900168000
}

Java Threads: ( => current thread )
  0x000002a96655c000 JavaThread "main" [_thread_in_native, id=12244, stack(0x000000e2c0a00000,0x000000e2c0b00000)]
  0x000002a97fc6a000 JavaThread "Reference Handler" daemon [_thread_blocked, id=10600, stack(0x000000e2c1100000,0x000000e2c1200000)]
  0x000002a97fc6b000 JavaThread "Finalizer" daemon [_thread_blocked, id=8936, stack(0x000000e2c1200000,0x000000e2c1300000)]
  0x000002a97fc8b800 JavaThread "Signal Dispatcher" daemon [_thread_blocked, id=12284, stack(0x000000e2c1300000,0x000000e2c1400000)]
  0x000002a97fc8c800 JavaThread "Attach Listener" daemon [_thread_blocked, id=10424, stack(0x000000e2c1400000,0x000000e2c1500000)]
  0x000002a97fc90000 JavaThread "Service Thread" daemon [_thread_blocked, id=11736, stack(0x000000e2c1500000,0x000000e2c1600000)]
=>0x000002a97fc93000 JavaThread "C2 CompilerThread0" daemon [_thread_in_native, id=5016, stack(0x000000e2c1600000,0x000000e2c1700000)]
  0x000002a900028800 JavaThread "C1 CompilerThread0" daemon [_thread_blocked, id=3752, stack(0x000000e2c1700000,0x000000e2c1800000)]
  0x000002a900031000 JavaThread "Sweeper thread" daemon [_thread_blocked, id=5604, stack(0x000000e2c1800000,0x000000e2c1900000)]
  0x000002a900168000 JavaThread "Common-Cleaner" daemon [_thread_blocked, id=8260, stack(0x000000e2c1a00000,0x000000e2c1b00000)]

Other Threads:
  0x000002a97fc47000 VMThread "VM Thread" [stack: 0x000000e2c1000000,0x000000e2c1100000] [id=9380]
  0x000002a90015b800 WatcherThread [stack: 0x000000e2c1900000,0x000000e2c1a00000] [id=5400]
  0x000002a966574000 GCTaskThread "GC Thread#0" [stack: 0x000000e2c0b00000,0x000000e2c0c00000] [id=10984]
  0x000002a9002d8800 GCTaskThread "GC Thread#1" [stack: 0x000000e2c1b00000,0x000000e2c1c00000] [id=11132]
  0x000002a96658d000 ConcurrentGCThread "G1 Main Marker" [stack: 0x000000e2c0c00000,0x000000e2c0d00000] [id=12164]
  0x000002a966590800 ConcurrentGCThread "G1 Conc#0" [stack: 0x000000e2c0d00000,0x000000e2c0e00000] [id=8648]
  0x000002a9665cf000 ConcurrentGCThread "G1 Refine#0" [stack: 0x000000e2c0e00000,0x000000e2c0f00000] [id=3756]
  0x000002a9665d0000 ConcurrentGCThread "G1 Young RemSet Sampling" [stack: 0x000000e2c0f00000,0x000000e2c1000000] [id=6864]

Threads with active compile tasks:
C2 CompilerThread0  10332 2940       4       java.lang.ClassLoader::loadClass (7 bytes)

VM state:not at safepoint (normal execution)

VM Mutex/Monitor currently owned by a thread: None

Heap address: 0x00000000c2a00000, size: 982 MB, Compressed Oops mode: 32-bit
Narrow klass base: 0x0000000000000000, Narrow klass shift: 3
Compressed class space size: 1073741824 Address: 0x0000000100000000

Heap:
 garbage-first heap   total 76800K, used 39230K [0x00000000c2a00000, 0x0000000100000000)
  region size 1024K, 22 young (22528K), 4 survivors (4096K)
 Metaspace       used 44363K, capacity 44841K, committed 45184K, reserved 1089536K
  class space    used 5241K, capacity 5441K, committed 5504K, reserved 1048576K
Heap Regions: E=young(eden), S=young(survivor), O=old, HS=humongous(starts), HC=humongous(continues), CS=collection set, F=free, A=archive, TAMS=top-at-mark-start (previous, next)
|   0|0x00000000c2a00000, 0x00000000c2b00000, 0x00000000c2b00000|100%|HS|  |TAMS 0x00000000c2b00000, 0x00000000c2a00000| Complete 
|   1|0x00000000c2b00000, 0x00000000c2c00000, 0x00000000c2c00000|100%|HC|  |TAMS 0x00000000c2c00000, 0x00000000c2b00000| Complete 
|   2|0x00000000c2c00000, 0x00000000c2d00000, 0x00000000c2d00000|100%|HC|  |TAMS 0x00000000c2d00000, 0x00000000c2c00000| Complete 
|   3|0x00000000c2d00000, 0x00000000c2e00000, 0x00000000c2e00000|100%| O|  |TAMS 0x00000000c2e00000, 0x00000000c2d00000| Untracked 
|   4|0x00000000c2e00000, 0x00000000c2f00000, 0x00000000c2f00000|100%| O|  |TAMS 0x00000000c2f00000, 0x00000000c2e00000| Untracked 
|   5|0x00000000c2f00000, 0x00000000c3000000, 0x00000000c3000000|100%| O|  |TAMS 0x00000000c3000000, 0x00000000c2f00000| Untracked 
|   6|0x00000000c3000000, 0x00000000c3100000, 0x00000000c3100000|100%| O|  |TAMS 0x00000000c3100000, 0x00000000c3000000| Untracked 
|   7|0x00000000c3100000, 0x00000000c3200000, 0x00000000c3200000|100%| O|  |TAMS 0x00000000c3200000, 0x00000000c3100000| Untracked 
|   8|0x00000000c3200000, 0x00000000c3300000, 0x00000000c3300000|100%| O|  |TAMS 0x00000000c3300000, 0x00000000c3200000| Untracked 
|   9|0x00000000c3300000, 0x00000000c3400000, 0x00000000c3400000|100%|HS|  |TAMS 0x00000000c3400000, 0x00000000c3300000| Complete 
|  10|0x00000000c3400000, 0x00000000c3500000, 0x00000000c3500000|100%|HC|  |TAMS 0x00000000c3500000, 0x00000000c3400000| Complete 
|  11|0x00000000c3500000, 0x00000000c3600000, 0x00000000c3600000|100%|HC|  |TAMS 0x00000000c3600000, 0x00000000c3500000| Complete 
|  12|0x00000000c3600000, 0x00000000c364fa00, 0x00000000c3700000| 31%| O|  |TAMS 0x00000000c3600000, 0x00000000c3600000| Untracked 
|  13|0x00000000c3700000, 0x00000000c3700000, 0x00000000c3800000|  0%| F|  |TAMS 0x00000000c3700000, 0x00000000c3700000| Untracked 
|  14|0x00000000c3800000, 0x00000000c3900000, 0x00000000c3900000|100%| O|  |TAMS 0x00000000c3900000, 0x00000000c3800000| Untracked 
|  15|0x00000000c3900000, 0x00000000c3a00000, 0x00000000c3a00000|100%| O|  |TAMS 0x00000000c3a00000, 0x00000000c3900000| Untracked 
|  16|0x00000000c3a00000, 0x00000000c3b00000, 0x00000000c3b00000|100%| O|  |TAMS 0x00000000c3b00000, 0x00000000c3a00000| Untracked 
|  17|0x00000000c3b00000, 0x00000000c3c00000, 0x00000000c3c00000|100%| O|  |TAMS 0x00000000c3c00000, 0x00000000c3b00000| Untracked 
|  18|0x00000000c3c00000, 0x00000000c3d00000, 0x00000000c3d00000|100%| O|  |TAMS 0x00000000c3d00000, 0x00000000c3c00000| Untracked 
|  19|0x00000000c3d00000, 0x00000000c3e00000, 0x00000000c3e00000|100%| O|  |TAMS 0x00000000c3daa600, 0x00000000c3d00000| Untracked 
|  20|0x00000000c3e00000, 0x00000000c3e00000, 0x00000000c3f00000|  0%| F|  |TAMS 0x00000000c3e00000, 0x00000000c3e00000| Untracked 
|  21|0x00000000c3f00000, 0x00000000c3f00000, 0x00000000c4000000|  0%| F|  |TAMS 0x00000000c3f00000, 0x00000000c3f00000| Untracked 
|  22|0x00000000c4000000, 0x00000000c4000000, 0x00000000c4100000|  0%| F|  |TAMS 0x00000000c4000000, 0x00000000c4000000| Untracked 
|  23|0x00000000c4100000, 0x00000000c4100000, 0x00000000c4200000|  0%| F|  |TAMS 0x00000000c4100000, 0x00000000c4100000| Untracked 
|  24|0x00000000c4200000, 0x00000000c4200000, 0x00000000c4300000|  0%| F|  |TAMS 0x00000000c4200000, 0x00000000c4200000| Untracked 
|  25|0x00000000c4300000, 0x00000000c4300000, 0x00000000c4400000|  0%| F|  |TAMS 0x00000000c4300000, 0x00000000c4300000| Untracked 
|  26|0x00000000c4400000, 0x00000000c4400000, 0x00000000c4500000|  0%| F|  |TAMS 0x00000000c4400000, 0x00000000c4400000| Untracked 
|  27|0x00000000c4500000, 0x00000000c4500000, 0x00000000c4600000|  0%| F|  |TAMS 0x00000000c4500000, 0x00000000c4500000| Untracked 
|  28|0x00000000c4600000, 0x00000000c4600000, 0x00000000c4700000|  0%| F|  |TAMS 0x00000000c4600000, 0x00000000c4600000| Untracked 
|  29|0x00000000c4700000, 0x00000000c4700000, 0x00000000c4800000|  0%| F|  |TAMS 0x00000000c4700000, 0x00000000c4700000| Untracked 
|  30|0x00000000c4800000, 0x00000000c4800000, 0x00000000c4900000|  0%| F|  |TAMS 0x00000000c4800000, 0x00000000c4800000| Untracked 
|  31|0x00000000c4900000, 0x00000000c4900000, 0x00000000c4a00000|  0%| F|  |TAMS 0x00000000c4900000, 0x00000000c4900000| Untracked 
|  32|0x00000000c4a00000, 0x00000000c4a00000, 0x00000000c4b00000|  0%| F|  |TAMS 0x00000000c4a00000, 0x00000000c4a00000| Untracked 
|  33|0x00000000c4b00000, 0x00000000c4b00000, 0x00000000c4c00000|  0%| F|  |TAMS 0x00000000c4b00000, 0x00000000c4b00000| Untracked 
|  34|0x00000000c4c00000, 0x00000000c4c00000, 0x00000000c4d00000|  0%| F|  |TAMS 0x00000000c4c00000, 0x00000000c4c00000| Untracked 
|  35|0x00000000c4d00000, 0x00000000c4d00000, 0x00000000c4e00000|  0%| F|  |TAMS 0x00000000c4d00000, 0x00000000c4d00000| Untracked 
|  36|0x00000000c4e00000, 0x00000000c4e00000, 0x00000000c4f00000|  0%| F|  |TAMS 0x00000000c4e00000, 0x00000000c4e00000| Untracked 
|  37|0x00000000c4f00000, 0x00000000c4f00000, 0x00000000c5000000|  0%| F|  |TAMS 0x00000000c4f00000, 0x00000000c4f00000| Untracked 
|  38|0x00000000c5000000, 0x00000000c5000000, 0x00000000c5100000|  0%| F|  |TAMS 0x00000000c5000000, 0x00000000c5000000| Untracked 
|  39|0x00000000c5100000, 0x00000000c5100000, 0x00000000c5200000|  0%| F|  |TAMS 0x00000000c5100000, 0x00000000c5100000| Untracked 
|  40|0x00000000c5200000, 0x00000000c5200000, 0x00000000c5300000|  0%| F|  |TAMS 0x00000000c5200000, 0x00000000c5200000| Untracked 
|  41|0x00000000c5300000, 0x00000000c5300000, 0x00000000c5400000|  0%| F|  |TAMS 0x00000000c5300000, 0x00000000c5300000| Untracked 
|  42|0x00000000c5400000, 0x00000000c5400000, 0x00000000c5500000|  0%| F|  |TAMS 0x00000000c5400000, 0x00000000c5400000| Untracked 
|  43|0x00000000c5500000, 0x00000000c5500000, 0x00000000c5600000|  0%| F|  |TAMS 0x00000000c5500000, 0x00000000c5500000| Untracked 
|  44|0x00000000c5600000, 0x00000000c5700000, 0x00000000c5700000|100%| S|CS|TAMS 0x00000000c5600000, 0x00000000c5600000| Complete 
|  45|0x00000000c5700000, 0x00000000c5800000, 0x00000000c5800000|100%| S|CS|TAMS 0x00000000c5700000, 0x00000000c5700000| Complete 
|  46|0x00000000c5800000, 0x00000000c5900000, 0x00000000c5900000|100%| S|CS|TAMS 0x00000000c5800000, 0x00000000c5800000| Complete 
|  47|0x00000000c5900000, 0x00000000c5a00000, 0x00000000c5a00000|100%| S|CS|TAMS 0x00000000c5900000, 0x00000000c5900000| Complete 
|  48|0x00000000c5a00000, 0x00000000c5a00000, 0x00000000c5b00000|  0%| F|  |TAMS 0x00000000c5a00000, 0x00000000c5a00000| Untracked 
|  49|0x00000000c5b00000, 0x00000000c5b00000, 0x00000000c5c00000|  0%| F|  |TAMS 0x00000000c5b00000, 0x00000000c5b00000| Untracked 
|  50|0x00000000c5c00000, 0x00000000c5c00000, 0x00000000c5d00000|  0%| F|  |TAMS 0x00000000c5c00000, 0x00000000c5c00000| Untracked 
|  51|0x00000000c5d00000, 0x00000000c5d00000, 0x00000000c5e00000|  0%| F|  |TAMS 0x00000000c5d00000, 0x00000000c5d00000| Untracked 
|  52|0x00000000c5e00000, 0x00000000c5e00000, 0x00000000c5f00000|  0%| F|  |TAMS 0x00000000c5e00000, 0x00000000c5e00000| Untracked 
|  53|0x00000000c5f00000, 0x00000000c5f00000, 0x00000000c6000000|  0%| F|  |TAMS 0x00000000c5f00000, 0x00000000c5f00000| Untracked 
|  54|0x00000000c6000000, 0x00000000c6000000, 0x00000000c6100000|  0%| F|  |TAMS 0x00000000c6000000, 0x00000000c6000000| Untracked 
|  55|0x00000000c6100000, 0x00000000c6100000, 0x00000000c6200000|  0%| F|  |TAMS 0x00000000c6100000, 0x00000000c6100000| Untracked 
|  56|0x00000000c6200000, 0x00000000c6200000, 0x00000000c6300000|  0%| F|  |TAMS 0x00000000c6200000, 0x00000000c6200000| Untracked 
|  57|0x00000000c6300000, 0x00000000c637efd0, 0x00000000c6400000| 49%| E|  |TAMS 0x00000000c6300000, 0x00000000c6300000| Complete 
|  58|0x00000000c6400000, 0x00000000c6500000, 0x00000000c6500000|100%| E|CS|TAMS 0x00000000c6400000, 0x00000000c6400000| Complete 
|  59|0x00000000c6500000, 0x00000000c6600000, 0x00000000c6600000|100%| E|CS|TAMS 0x00000000c6500000, 0x00000000c6500000| Complete 
|  60|0x00000000c6600000, 0x00000000c6700000, 0x00000000c6700000|100%| E|CS|TAMS 0x00000000c6600000, 0x00000000c6600000| Complete 
|  61|0x00000000c6700000, 0x00000000c6800000, 0x00000000c6800000|100%| E|CS|TAMS 0x00000000c6700000, 0x00000000c6700000| Complete 
|  62|0x00000000c6800000, 0x00000000c6900000, 0x00000000c6900000|100%| E|CS|TAMS 0x00000000c6800000, 0x00000000c6800000| Complete 
|  63|0x00000000c6900000, 0x00000000c6a00000, 0x00000000c6a00000|100%| E|  |TAMS 0x00000000c6900000, 0x00000000c6900000| Complete 
|  64|0x00000000c6a00000, 0x00000000c6b00000, 0x00000000c6b00000|100%| E|CS|TAMS 0x00000000c6a00000, 0x00000000c6a00000| Complete 
|  65|0x00000000c6b00000, 0x00000000c6c00000, 0x00000000c6c00000|100%| E|CS|TAMS 0x00000000c6b00000, 0x00000000c6b00000| Complete 
|  66|0x00000000c6c00000, 0x00000000c6d00000, 0x00000000c6d00000|100%| E|CS|TAMS 0x00000000c6c00000, 0x00000000c6c00000| Complete 
|  67|0x00000000c6d00000, 0x00000000c6e00000, 0x00000000c6e00000|100%| E|CS|TAMS 0x00000000c6d00000, 0x00000000c6d00000| Complete 
|  68|0x00000000c6e00000, 0x00000000c6f00000, 0x00000000c6f00000|100%| E|CS|TAMS 0x00000000c6e00000, 0x00000000c6e00000| Complete 
|  69|0x00000000c6f00000, 0x00000000c7000000, 0x00000000c7000000|100%| E|CS|TAMS 0x00000000c6f00000, 0x00000000c6f00000| Complete 
|  70|0x00000000c7000000, 0x00000000c7100000, 0x00000000c7100000|100%| E|CS|TAMS 0x00000000c7000000, 0x00000000c7000000| Complete 
|  71|0x00000000c7100000, 0x00000000c7200000, 0x00000000c7200000|100%| E|CS|TAMS 0x00000000c7100000, 0x00000000c7100000| Complete 
|  72|0x00000000c7200000, 0x00000000c7300000, 0x00000000c7300000|100%| E|CS|TAMS 0x00000000c7200000, 0x00000000c7200000| Complete 
|  73|0x00000000c7300000, 0x00000000c7400000, 0x00000000c7400000|100%| E|CS|TAMS 0x00000000c7300000, 0x00000000c7300000| Complete 
|  74|0x00000000c7400000, 0x00000000c7500000, 0x00000000c7500000|100%| E|CS|TAMS 0x00000000c7400000, 0x00000000c7400000| Complete 

Card table byte_map: [0x000002a97ae20000,0x000002a97b010000] _byte_map_base: 0x000002a97a80b000

Marking Bits (Prev, Next): (CMBitMap*) 0x000002a966588148, (CMBitMap*) 0x000002a966588180
 Prev Bits: [0x000002a97b200000, 0x000002a97c158000)
 Next Bits: [0x000002a97c160000, 0x000002a97d0b8000)

Polling page: 0x000002a966640000

Metaspace:

Usage:
  Non-class:     38.48 MB capacity,    38.21 MB (>99%) used,   212.78 KB ( <1%) free+waste,    64.81 KB ( <1%) overhead. 
      Class:      5.31 MB capacity,     5.12 MB ( 96%) used,   171.25 KB (  3%) free+waste,    28.63 KB ( <1%) overhead. 
       Both:     43.79 MB capacity,    43.32 MB ( 99%) used,   384.03 KB ( <1%) free+waste,    93.44 KB ( <1%) overhead. 

Virtual space:
  Non-class space:       40.00 MB reserved,      38.75 MB ( 97%) committed 
      Class space:        1.00 GB reserved,       5.38 MB ( <1%) committed 
             Both:        1.04 GB reserved,      44.13 MB (  4%) committed 

Chunk freelists:
   Non-Class:  27.00 KB
       Class:  31.00 KB
        Both:  58.00 KB

MaxMetaspaceSize: 17179869184.00 GB
CompressedClassSpaceSize: 1.00 GB

CodeHeap 'non-profiled nmethods': size=120064Kb used=1127Kb max_used=1127Kb free=118936Kb
 bounds [0x000002a9732e0000, 0x000002a973550000, 0x000002a97a820000]
CodeHeap 'profiled nmethods': size=120000Kb used=6835Kb max_used=6835Kb free=113164Kb
 bounds [0x000002a96bdb0000, 0x000002a96c460000, 0x000002a9732e0000]
CodeHeap 'non-nmethods': size=5696Kb used=1178Kb max_used=1207Kb free=4517Kb
 bounds [0x000002a96b820000, 0x000002a96ba90000, 0x000002a96bdb0000]
 total_blobs=3704 nmethods=3168 adapters=448
 compilation: enabled
              stopped_count=0, restarted_count=0
 full_count=0

Compilation events (20 events):
Event: 10.167 Thread 0x000002a900028800 3153       3       org.jetbrains.kotlin.com.intellij.util.containers.hash.LinkedHashMap$Entry::access$402 (7 bytes)
Event: 10.168 Thread 0x000002a900028800 nmethod 3153 0x000002a96c44a110 code [0x000002a96c44a2c0, 0x000002a96c44a3f8]
Event: 10.252 Thread 0x000002a900028800 3154       3       org.jetbrains.kotlin.com.intellij.openapi.vfs.VirtualFile::findChild (62 bytes)
Event: 10.253 Thread 0x000002a900028800 nmethod 3154 0x000002a96c44a510 code [0x000002a96c44a740, 0x000002a96c44ada8]
Event: 10.256 Thread 0x000002a900028800 3155       3       org.jetbrains.org.objectweb.asm.ClassReader::readUnsignedShort (26 bytes)
Event: 10.256 Thread 0x000002a900028800 nmethod 3155 0x000002a96c44b010 code [0x000002a96c44b1c0, 0x000002a96c44b318]
Event: 10.259 Thread 0x000002a900028800 3157       3       org.jetbrains.kotlin.name.FqName::asString (16 bytes)
Event: 10.260 Thread 0x000002a900028800 nmethod 3157 0x000002a96c44b410 code [0x000002a96c44b5e0, 0x000002a96c44b838]
Event: 10.261 Thread 0x000002a900028800 3158       3       org.jetbrains.org.objectweb.asm.ClassReader::readUtf (161 bytes)
Event: 10.262 Thread 0x000002a900028800 nmethod 3158 0x000002a96c44b990 code [0x000002a96c44bba0, 0x000002a96c44c138]
Event: 10.262 Thread 0x000002a900028800 3159       3       org.jetbrains.kotlin.name.FqNameUnsafe::compute (76 bytes)
Event: 10.264 Thread 0x000002a900028800 nmethod 3159 0x000002a96c44c490 code [0x000002a96c44c800, 0x000002a96c44db78]
Event: 10.266 Thread 0x000002a900028800 3160       3       org.jetbrains.org.objectweb.asm.ClassReader::readUtf (44 bytes)
Event: 10.267 Thread 0x000002a900028800 nmethod 3160 0x000002a96c44e210 code [0x000002a96c44e400, 0x000002a96c44e868]
Event: 10.267 Thread 0x000002a900028800 3161       3       org.jetbrains.org.objectweb.asm.ClassReader::readUTF8 (23 bytes)
Event: 10.267 Thread 0x000002a900028800 nmethod 3161 0x000002a96c44ea90 code [0x000002a96c44ec60, 0x000002a96c44eee8]
Event: 10.268 Thread 0x000002a900028800 3162       3       org.jetbrains.org.objectweb.asm.ClassReader::readInt (52 bytes)
Event: 10.268 Thread 0x000002a900028800 nmethod 3162 0x000002a96c44f010 code [0x000002a96c44f1c0, 0x000002a96c44f398]
Event: 10.269 Thread 0x000002a900028800 3163       3       org.jetbrains.kotlin.name.ClassId::getPackageFqName (13 bytes)
Event: 10.269 Thread 0x000002a900028800 nmethod 3163 0x000002a96c44f510 code [0x000002a96c44f6c0, 0x000002a96c44f848]

GC Heap History (16 events):
Event: 0.805 GC heap before
{Heap before GC invocations=0 (full 0):
 garbage-first heap   total 63488K, used 9216K [0x00000000c2a00000, 0x0000000100000000)
  region size 1024K, 7 young (7168K), 0 survivors (0K)
 Metaspace       used 7024K, capacity 7119K, committed 7296K, reserved 1056768K
  class space    used 600K, capacity 628K, committed 640K, reserved 1048576K
}
Event: 0.809 GC heap after
{Heap after GC invocations=1 (full 0):
 garbage-first heap   total 63488K, used 5007K [0x00000000c2a00000, 0x0000000100000000)
  region size 1024K, 1 young (1024K), 1 survivors (1024K)
 Metaspace       used 7024K, capacity 7119K, committed 7296K, reserved 1056768K
  class space    used 600K, capacity 628K, committed 640K, reserved 1048576K
}
Event: 1.640 GC heap before
{Heap before GC invocations=1 (full 0):
 garbage-first heap   total 63488K, used 24463K [0x00000000c2a00000, 0x0000000100000000)
  region size 1024K, 19 young (19456K), 1 survivors (1024K)
 Metaspace       used 12510K, capacity 12632K, committed 12800K, reserved 1060864K
  class space    used 1177K, capacity 1207K, committed 1280K, reserved 1048576K
}
Event: 1.646 GC heap after
{Heap after GC invocations=2 (full 0):
 garbage-first heap   total 63488K, used 5756K [0x00000000c2a00000, 0x0000000100000000)
  region size 1024K, 2 young (2048K), 2 survivors (2048K)
 Metaspace       used 12510K, capacity 12632K, committed 12800K, reserved 1060864K
  class space    used 1177K, capacity 1207K, committed 1280K, reserved 1048576K
}
Event: 2.661 GC heap before
{Heap before GC invocations=2 (full 0):
 garbage-first heap   total 63488K, used 25212K [0x00000000c2a00000, 0x0000000100000000)
  region size 1024K, 21 young (21504K), 2 survivors (2048K)
 Metaspace       used 16497K, capacity 16673K, committed 16896K, reserved 1064960K
  class space    used 1614K, capacity 1688K, committed 1792K, reserved 1048576K
}
Event: 2.679 GC heap after
{Heap after GC invocations=3 (full 0):
 garbage-first heap   total 63488K, used 8268K [0x00000000c2a00000, 0x0000000100000000)
  region size 1024K, 3 young (3072K), 3 survivors (3072K)
 Metaspace       used 16497K, capacity 16673K, committed 16896K, reserved 1064960K
  class space    used 1614K, capacity 1688K, committed 1792K, reserved 1048576K
}
Event: 3.314 GC heap before
{Heap before GC invocations=3 (full 0):
 garbage-first heap   total 63488K, used 21580K [0x00000000c2a00000, 0x0000000100000000)
  region size 1024K, 17 young (17408K), 3 survivors (3072K)
 Metaspace       used 20780K, capacity 20990K, committed 21248K, reserved 1069056K
  class space    used 2199K, capacity 2280K, committed 2304K, reserved 1048576K
}
Event: 3.329 GC heap after
{Heap after GC invocations=4 (full 0):
 garbage-first heap   total 63488K, used 9272K [0x00000000c2a00000, 0x0000000100000000)
  region size 1024K, 1 young (1024K), 1 survivors (1024K)
 Metaspace       used 20780K, capacity 20990K, committed 21248K, reserved 1069056K
  class space    used 2199K, capacity 2280K, committed 2304K, reserved 1048576K
}
Event: 5.265 GC heap before
{Heap before GC invocations=5 (full 0):
 garbage-first heap   total 63488K, used 33848K [0x00000000c2a00000, 0x0000000100000000)
  region size 1024K, 23 young (23552K), 1 survivors (1024K)
 Metaspace       used 27451K, capacity 27868K, committed 28032K, reserved 1075200K
  class space    used 2965K, capacity 3138K, committed 3200K, reserved 1048576K
}
Event: 5.276 GC heap after
{Heap after GC invocations=6 (full 0):
 garbage-first heap   total 63488K, used 13839K [0x00000000c2a00000, 0x0000000100000000)
  region size 1024K, 3 young (3072K), 3 survivors (3072K)
 Metaspace       used 27451K, capacity 27868K, committed 28032K, reserved 1075200K
  class space    used 2965K, capacity 3138K, committed 3200K, reserved 1048576K
}
Event: 6.632 GC heap before
{Heap before GC invocations=6 (full 0):
 garbage-first heap   total 63488K, used 38415K [0x00000000c2a00000, 0x0000000100000000)
  region size 1024K, 26 young (26624K), 3 survivors (3072K)
 Metaspace       used 31628K, capacity 32052K, committed 32128K, reserved 1077248K
  class space    used 3952K, capacity 4150K, committed 4224K, reserved 1048576K
}
Event: 6.660 GC heap after
{Heap after GC invocations=7 (full 0):
 garbage-first heap   total 76800K, used 20469K [0x00000000c2a00000, 0x0000000100000000)
  region size 1024K, 4 young (4096K), 4 survivors (4096K)
 Metaspace       used 31628K, capacity 32052K, committed 32128K, reserved 1077248K
  class space    used 3952K, capacity 4150K, committed 4224K, reserved 1048576K
}
Event: 7.655 GC heap before
{Heap before GC invocations=7 (full 0):
 garbage-first heap   total 76800K, used 34805K [0x00000000c2a00000, 0x0000000100000000)
  region size 1024K, 19 young (19456K), 4 survivors (4096K)
 Metaspace       used 35012K, capacity 35424K, committed 35584K, reserved 1081344K
  class space    used 4317K, capacity 4506K, committed 4608K, reserved 1048576K
}
Event: 7.672 GC heap after
{Heap after GC invocations=8 (full 0):
 garbage-first heap   total 76800K, used 20083K [0x00000000c2a00000, 0x0000000100000000)
  region size 1024K, 2 young (2048K), 2 survivors (2048K)
 Metaspace       used 35012K, capacity 35424K, committed 35584K, reserved 1081344K
  class space    used 4317K, capacity 4506K, committed 4608K, reserved 1048576K
}
Event: 8.999 GC heap before
{Heap before GC invocations=9 (full 0):
 garbage-first heap   total 76800K, used 44659K [0x00000000c2a00000, 0x0000000100000000)
  region size 1024K, 27 young (27648K), 2 survivors (2048K)
 Metaspace       used 39844K, capacity 40326K, committed 40576K, reserved 1085440K
  class space    used 4764K, capacity 4964K, committed 4992K, reserved 1048576K
}
Event: 9.013 GC heap after
{Heap after GC invocations=10 (full 0):
 garbage-first heap   total 76800K, used 22846K [0x00000000c2a00000, 0x0000000100000000)
  region size 1024K, 4 young (4096K), 4 survivors (4096K)
 Metaspace       used 39844K, capacity 40326K, committed 40576K, reserved 1085440K
  class space    used 4764K, capacity 4964K, committed 4992K, reserved 1048576K
}

Deoptimization events (20 events):
Event: 10.102 Thread 0x000002a96655c000 Uncommon trap: trap_request=0xffffffc6 fr.pc=0x000002a9733c5168 relative=0x0000000000000568
Event: 10.102 Thread 0x000002a96655c000 Uncommon trap: reason=bimorphic_or_optimized_type_check action=maybe_recompile pc=0x000002a9733c5168 method=org.jetbrains.kotlin.protobuf.CodedInputStream.tryRefillBuffer(I)Z @ 177 c2
Event: 10.102 Thread 0x000002a96655c000 DEOPT PACKING pc=0x000002a9733c5168 sp=0x000000e2c0afa4d0
Event: 10.102 Thread 0x000002a96655c000 DEOPT UNPACKING pc=0x000002a96b846ca9 sp=0x000000e2c0afa3b0 mode 2
Event: 10.116 Thread 0x000002a96655c000 Uncommon trap: trap_request=0xffffffc6 fr.pc=0x000002a9733c5168 relative=0x0000000000000568
Event: 10.116 Thread 0x000002a96655c000 Uncommon trap: reason=bimorphic_or_optimized_type_check action=maybe_recompile pc=0x000002a9733c5168 method=org.jetbrains.kotlin.protobuf.CodedInputStream.tryRefillBuffer(I)Z @ 177 c2
Event: 10.116 Thread 0x000002a96655c000 DEOPT PACKING pc=0x000002a9733c5168 sp=0x000000e2c0afabb0
Event: 10.116 Thread 0x000002a96655c000 DEOPT UNPACKING pc=0x000002a96b846ca9 sp=0x000000e2c0afaa98 mode 2
Event: 10.168 Thread 0x000002a96655c000 Uncommon trap: trap_request=0xffffffc6 fr.pc=0x000002a9733a1084 relative=0x00000000000012e4
Event: 10.168 Thread 0x000002a96655c000 Uncommon trap: reason=bimorphic_or_optimized_type_check action=maybe_recompile pc=0x000002a9733a1084 method=java.util.zip.ZipFile.getZipEntry(Ljava/lang/String;[BILjava/util/function/Function;)Ljava/util/zip/ZipEntry; @ 108 c2
Event: 10.168 Thread 0x000002a96655c000 DEOPT PACKING pc=0x000002a9733a1084 sp=0x000000e2c0afabf0
Event: 10.168 Thread 0x000002a96655c000 DEOPT UNPACKING pc=0x000002a96b846ca9 sp=0x000000e2c0afaba8 mode 2
Event: 10.254 Thread 0x000002a96655c000 Uncommon trap: trap_request=0xffffffc6 fr.pc=0x000002a9733a1084 relative=0x00000000000012e4
Event: 10.254 Thread 0x000002a96655c000 Uncommon trap: reason=bimorphic_or_optimized_type_check action=maybe_recompile pc=0x000002a9733a1084 method=java.util.zip.ZipFile.getZipEntry(Ljava/lang/String;[BILjava/util/function/Function;)Ljava/util/zip/ZipEntry; @ 108 c2
Event: 10.254 Thread 0x000002a96655c000 DEOPT PACKING pc=0x000002a9733a1084 sp=0x000000e2c0afabf0
Event: 10.254 Thread 0x000002a96655c000 DEOPT UNPACKING pc=0x000002a96b846ca9 sp=0x000000e2c0afaba8 mode 2
Event: 10.257 Thread 0x000002a96655c000 Uncommon trap: trap_request=0xffffffc6 fr.pc=0x000002a9733a1084 relative=0x00000000000012e4
Event: 10.257 Thread 0x000002a96655c000 Uncommon trap: reason=bimorphic_or_optimized_type_check action=maybe_recompile pc=0x000002a9733a1084 method=java.util.zip.ZipFile.getZipEntry(Ljava/lang/String;[BILjava/util/function/Function;)Ljava/util/zip/ZipEntry; @ 108 c2
Event: 10.257 Thread 0x000002a96655c000 DEOPT PACKING pc=0x000002a9733a1084 sp=0x000000e2c0afabf0
Event: 10.258 Thread 0x000002a96655c000 DEOPT UNPACKING pc=0x000002a96b846ca9 sp=0x000000e2c0afaba8 mode 2

Classes redefined (0 events):
No events

Internal exceptions (20 events):
Event: 4.231 Thread 0x000002a96655c000 Exception <a 'java/lang/NoSuchMethodError'{0x00000000c5a4d9b8}: 'java.lang.Object java.lang.invoke.DirectMethodHandle$Holder.invokeStatic(java.lang.Object, java.lang.Object, java.lang.Object, java.lang.Object, java.lang.Object, java.lang.Object, java.lang.Object, java.lang.Object, java.lang.Object, java.lang.Object, java.lang.Object, java.lang.Object, java.lang.Object, java.lang.Object, java.lang.Object)'> (0x00000000c5a4d9b8) thrown at [./src/hotspot/share/interpreter/linkResolver.cpp, line 773]
Event: 4.235 Thread 0x000002a96655c000 Exception <a 'java/lang/NoSuchMethodError'{0x00000000c5a5b9c0}: 'java.lang.Object java.lang.invoke.DirectMethodHandle$Holder.invokeStatic(java.lang.Object, java.lang.Object, java.lang.Object, java.lang.Object, java.lang.Object, java.lang.Object, java.lang.Object, java.lang.Object, java.lang.Object, java.lang.Object, java.lang.Object, java.lang.Object, java.lang.Object, java.lang.Object, java.lang.Object, java.lang.Object)'> (0x00000000c5a5b9c0) thrown at [./src/hotspot/share/interpreter/linkResolver.cpp, l
Event: 4.243 Thread 0x000002a96655c000 Exception <a 'java/lang/NoSuchMethodError'{0x00000000c5a698d8}: 'java.lang.Object java.lang.invoke.DirectMethodHandle$Holder.invokeSpecial(java.lang.Object, java.lang.Object, int, int, java.lang.Object, java.lang.Object, java.lang.Object)'> (0x00000000c5a698d8) thrown at [./src/hotspot/share/interpreter/linkResolver.cpp, line 773]
Event: 4.243 Thread 0x000002a96655c000 Exception <a 'java/lang/NoSuchMethodError'{0x00000000c5a6d110}: 'java.lang.Object java.lang.invoke.DelegatingMethodHandle$Holder.reinvoke_L(java.lang.Object, int, int, java.lang.Object, java.lang.Object, java.lang.Object)'> (0x00000000c5a6d110) thrown at [./src/hotspot/share/interpreter/linkResolver.cpp, line 773]
Event: 4.245 Thread 0x000002a96655c000 Exception <a 'java/lang/NoSuchMethodError'{0x00000000c5a71708}: 'java.lang.Object java.lang.invoke.DirectMethodHandle$Holder.invokeStatic(java.lang.Object, java.lang.Object, java.lang.Object, java.lang.Object, int)'> (0x00000000c5a71708) thrown at [./src/hotspot/share/interpreter/linkResolver.cpp, line 773]
Event: 4.355 Thread 0x000002a96655c000 Exception <a 'sun/nio/fs/WindowsException'{0x00000000c58b1420}> (0x00000000c58b1420) thrown at [./src/hotspot/share/prims/jni.cpp, line 615]
Event: 4.355 Thread 0x000002a96655c000 Exception <a 'sun/nio/fs/WindowsException'{0x00000000c58b1cb0}> (0x00000000c58b1cb0) thrown at [./src/hotspot/share/prims/jni.cpp, line 615]
Event: 4.355 Thread 0x000002a96655c000 Exception <a 'sun/nio/fs/WindowsException'{0x00000000c58b2550}> (0x00000000c58b2550) thrown at [./src/hotspot/share/prims/jni.cpp, line 615]
Event: 4.355 Thread 0x000002a96655c000 Exception <a 'sun/nio/fs/WindowsException'{0x00000000c58b2f58}> (0x00000000c58b2f58) thrown at [./src/hotspot/share/prims/jni.cpp, line 615]
Event: 4.356 Thread 0x000002a96655c000 Exception <a 'sun/nio/fs/WindowsException'{0x00000000c58b3870}> (0x00000000c58b3870) thrown at [./src/hotspot/share/prims/jni.cpp, line 615]
Event: 4.356 Thread 0x000002a96655c000 Exception <a 'sun/nio/fs/WindowsException'{0x00000000c58b41b8}> (0x00000000c58b41b8) thrown at [./src/hotspot/share/prims/jni.cpp, line 615]
Event: 4.363 Thread 0x000002a96655c000 Exception <a 'java/lang/NoSuchMethodError'{0x00000000c58bab20}: 'void java.lang.invoke.DirectMethodHandle$Holder.invokeStatic(java.lang.Object, java.lang.Object, java.lang.Object, java.lang.Object)'> (0x00000000c58bab20) thrown at [./src/hotspot/share/interpreter/linkResolver.cpp, line 773]
Event: 4.587 Thread 0x000002a96655c000 Exception <a 'java/lang/NoSuchMethodError'{0x00000000c549d490}: 'void java.lang.invoke.DirectMethodHandle$Holder.invokeStaticInit(java.lang.Object, java.lang.Object)'> (0x00000000c549d490) thrown at [./src/hotspot/share/interpreter/linkResolver.cpp, line 773]
Event: 5.327 Thread 0x000002a96655c000 Exception <a 'java/lang/NoSuchMethodError'{0x00000000c67c1f68}: 'void java.lang.invoke.DirectMethodHandle$Holder.invokeVirtual(java.lang.Object, java.lang.Object)'> (0x00000000c67c1f68) thrown at [./src/hotspot/share/interpreter/linkResolver.cpp, line 773]
Event: 5.356 Thread 0x000002a96655c000 Exception <a 'java/lang/NoSuchMethodError'{0x00000000c66403d8}: 'int java.lang.invoke.DirectMethodHandle$Holder.invokeVirtual(java.lang.Object, java.lang.Object)'> (0x00000000c66403d8) thrown at [./src/hotspot/share/interpreter/linkResolver.cpp, line 773]
Event: 7.421 Thread 0x000002a96655c000 Exception <a 'java/lang/NoSuchMethodError'{0x00000000c691e940}: 'java.lang.Object java.lang.invoke.DirectMethodHandle$Holder.invokeVirtual(java.lang.Object, java.lang.Object, java.lang.Object)'> (0x00000000c691e940) thrown at [./src/hotspot/share/interpreter/linkResolver.cpp, line 773]
Event: 9.664 Thread 0x000002a96655c000 Exception <a 'java/lang/NoSuchMethodError'{0x00000000c6aed8e0}: 'java.lang.Object java.lang.invoke.Invokers$Holder.linkToTargetMethod(java.lang.Object, int, java.lang.Object)'> (0x00000000c6aed8e0) thrown at [./src/hotspot/share/interpreter/linkResolver.cpp, line 773]
Event: 9.964 Thread 0x000002a96655c000 Exception <a 'java/lang/NoSuchMethodError'{0x00000000c68789c0}: 'java.lang.Object java.lang.invoke.DirectMethodHandle$Holder.invokeStatic(java.lang.Object, java.lang.Object, java.lang.Object, int)'> (0x00000000c68789c0) thrown at [./src/hotspot/share/interpreter/linkResolver.cpp, line 773]
Event: 9.965 Thread 0x000002a96655c000 Exception <a 'java/lang/NoSuchMethodError'{0x00000000c687c630}: 'java.lang.Object java.lang.invoke.DirectMethodHandle$Holder.invokeSpecial(java.lang.Object, java.lang.Object, java.lang.Object, java.lang.Object, int)'> (0x00000000c687c630) thrown at [./src/hotspot/share/interpreter/linkResolver.cpp, line 773]
Event: 9.965 Thread 0x000002a96655c000 Exception <a 'java/lang/NoSuchMethodError'{0x00000000c687f940}: 'java.lang.Object java.lang.invoke.Invokers$Holder.linkToTargetMethod(java.lang.Object, java.lang.Object, int, java.lang.Object)'> (0x00000000c687f940) thrown at [./src/hotspot/share/interpreter/linkResolver.cpp, line 773]

Events (20 events):
Event: 10.242 loading class org/jetbrains/kotlin/load/kotlin/header/ReadKotlinClassHeaderAnnotationVisitor$KotlinMetadataArgumentVisitor
Event: 10.242 loading class org/jetbrains/kotlin/load/kotlin/header/ReadKotlinClassHeaderAnnotationVisitor$KotlinMetadataArgumentVisitor done
Event: 10.243 loading class org/jetbrains/kotlin/load/kotlin/KotlinJvmBinaryClass$AnnotationArrayArgumentVisitor
Event: 10.243 loading class org/jetbrains/kotlin/load/kotlin/KotlinJvmBinaryClass$AnnotationArrayArgumentVisitor done
Event: 10.243 loading class org/jetbrains/kotlin/load/kotlin/FileBasedKotlinClass$3$1
Event: 10.243 loading class org/jetbrains/kotlin/load/kotlin/FileBasedKotlinClass$3$1 done
Event: 10.245 loading class org/jetbrains/org/objectweb/asm/Type
Event: 10.245 loading class org/jetbrains/org/objectweb/asm/Type done
Event: 10.247 loading class org/jetbrains/kotlin/load/kotlin/header/ReadKotlinClassHeaderAnnotationVisitor$KotlinMetadataArgumentVisitor$1
Event: 10.247 loading class org/jetbrains/kotlin/load/kotlin/header/ReadKotlinClassHeaderAnnotationVisitor$KotlinMetadataArgumentVisitor$1 done
Event: 10.248 loading class org/jetbrains/kotlin/load/kotlin/header/ReadKotlinClassHeaderAnnotationVisitor$CollectStringArrayAnnotationVisitor
Event: 10.248 loading class org/jetbrains/kotlin/load/kotlin/header/ReadKotlinClassHeaderAnnotationVisitor$CollectStringArrayAnnotationVisitor done
Event: 10.250 loading class org/jetbrains/kotlin/load/kotlin/header/ReadKotlinClassHeaderAnnotationVisitor$KotlinMetadataArgumentVisitor$2
Event: 10.250 loading class org/jetbrains/kotlin/load/kotlin/header/ReadKotlinClassHeaderAnnotationVisitor$KotlinMetadataArgumentVisitor$2 done
Event: 10.251 loading class org/jetbrains/kotlin/load/kotlin/header/KotlinClassHeader
Event: 10.251 loading class org/jetbrains/kotlin/load/kotlin/header/KotlinClassHeader done
Event: 10.251 loading class org/jetbrains/kotlin/load/kotlin/KotlinClassFinder$Result$KotlinClass
Event: 10.251 loading class org/jetbrains/kotlin/load/kotlin/KotlinClassFinder$Result$KotlinClass done
Event: 10.258 loading class org/jetbrains/kotlin/load/kotlin/FileBasedKotlinClass$OuterAndInnerName
Event: 10.258 loading class org/jetbrains/kotlin/load/kotlin/FileBasedKotlinClass$OuterAndInnerName done


Dynamic libraries:
0x00007ff7e0870000 - 0x00007ff7e087a000 	C:\Program Files\Android\Android Studio\jre\bin\java.exe
0x00007ff989370000 - 0x00007ff989565000 	C:\WINDOWS\SYSTEM32\ntdll.dll
0x00007ff988500000 - 0x00007ff9885be000 	C:\WINDOWS\System32\KERNEL32.DLL
0x00007ff986a90000 - 0x00007ff986d58000 	C:\WINDOWS\System32\KERNELBASE.dll
0x00007ff986e70000 - 0x00007ff986f70000 	C:\WINDOWS\System32\ucrtbase.dll
0x00007ff9770e0000 - 0x00007ff9770f7000 	C:\Program Files\Android\Android Studio\jre\bin\VCRUNTIME140.dll
0x00007ff97fa30000 - 0x00007ff97fa49000 	C:\Program Files\Android\Android Studio\jre\bin\jli.dll
0x00007ff988b70000 - 0x00007ff988d10000 	C:\WINDOWS\System32\USER32.dll
0x00007ff970180000 - 0x00007ff97041a000 	C:\WINDOWS\WinSxS\amd64_microsoft.windows.common-controls_6595b64144ccf1df_6.0.19041.1110_none_60b5254171f9507e\COMCTL32.dll
0x00007ff986f70000 - 0x00007ff986f92000 	C:\WINDOWS\System32\win32u.dll
0x00007ff988f20000 - 0x00007ff988fbe000 	C:\WINDOWS\System32\msvcrt.dll
0x00007ff988400000 - 0x00007ff98842a000 	C:\WINDOWS\System32\GDI32.dll
0x00007ff986d60000 - 0x00007ff986e6b000 	C:\WINDOWS\System32\gdi32full.dll
0x00007ff987330000 - 0x00007ff9873cd000 	C:\WINDOWS\System32\msvcp_win.dll
0x00007ff9873d0000 - 0x00007ff987400000 	C:\WINDOWS\System32\IMM32.DLL
0x00007ff95cba0000 - 0x00007ff95cc3d000 	C:\Program Files\Android\Android Studio\jre\bin\msvcp140.dll
0x00007ff9104b0000 - 0x00007ff910f7f000 	C:\Program Files\Android\Android Studio\jre\bin\server\jvm.dll
0x00007ff989110000 - 0x00007ff9891be000 	C:\WINDOWS\System32\ADVAPI32.dll
0x00007ff988fc0000 - 0x00007ff98905c000 	C:\WINDOWS\System32\sechost.dll
0x00007ff9885c0000 - 0x00007ff9886e5000 	C:\WINDOWS\System32\RPCRT4.dll
0x00007ff988e20000 - 0x00007ff988e28000 	C:\WINDOWS\System32\PSAPI.DLL
0x00007ff96d700000 - 0x00007ff96d709000 	C:\WINDOWS\SYSTEM32\WSOCK32.dll
0x00007ff988e30000 - 0x00007ff988e9b000 	C:\WINDOWS\System32\WS2_32.dll
0x00007ff970fe0000 - 0x00007ff971007000 	C:\WINDOWS\SYSTEM32\WINMM.dll
0x00007ff97daa0000 - 0x00007ff97daaa000 	C:\WINDOWS\SYSTEM32\VERSION.dll
0x00007ff985370000 - 0x00007ff985382000 	C:\WINDOWS\SYSTEM32\kernel.appcore.dll
0x00007ff97ff90000 - 0x00007ff97ffa1000 	C:\Program Files\Android\Android Studio\jre\bin\verify.dll
0x00007ff985050000 - 0x00007ff985234000 	C:\WINDOWS\SYSTEM32\DBGHELP.DLL
0x00007ff975c40000 - 0x00007ff975c6c000 	C:\WINDOWS\SYSTEM32\dbgcore.DLL
0x00007ff986fa0000 - 0x00007ff987022000 	C:\WINDOWS\System32\bcryptPrimitives.dll
0x00007ff975840000 - 0x00007ff975869000 	C:\Program Files\Android\Android Studio\jre\bin\java.dll
0x00007ff97ff80000 - 0x00007ff97ff8b000 	C:\Program Files\Android\Android Studio\jre\bin\jimage.dll
0x00007ff9758e0000 - 0x00007ff9758f8000 	C:\Program Files\Android\Android Studio\jre\bin\zip.dll
0x00007ff987940000 - 0x00007ff988084000 	C:\WINDOWS\System32\SHELL32.dll
0x00007ff9847e0000 - 0x00007ff984f74000 	C:\WINDOWS\SYSTEM32\windows.storage.dll
0x00007ff988810000 - 0x00007ff988b64000 	C:\WINDOWS\System32\combase.dll
0x00007ff986430000 - 0x00007ff98645c000 	C:\WINDOWS\SYSTEM32\Wldp.dll
0x00007ff988d70000 - 0x00007ff988e1d000 	C:\WINDOWS\System32\SHCORE.dll
0x00007ff988d10000 - 0x00007ff988d65000 	C:\WINDOWS\System32\shlwapi.dll
0x00007ff9869d0000 - 0x00007ff9869ef000 	C:\WINDOWS\SYSTEM32\profapi.dll
0x00007ff975890000 - 0x00007ff9758aa000 	C:\Program Files\Android\Android Studio\jre\bin\net.dll
0x00007ff977420000 - 0x00007ff97752a000 	C:\WINDOWS\SYSTEM32\WINHTTP.dll
0x00007ff986190000 - 0x00007ff9861fa000 	C:\WINDOWS\system32\mswsock.dll
0x00007ff964940000 - 0x00007ff964954000 	C:\Program Files\Android\Android Studio\jre\bin\nio.dll

dbghelp: loaded successfully - version: 4.0.5 - missing functions: none
symbol engine: initialized successfully - sym options: 0x614 - pdb path: .;C:\Program Files\Android\Android Studio\jre\bin;C:\WINDOWS\SYSTEM32;C:\WINDOWS\WinSxS\amd64_microsoft.windows.common-controls_6595b64144ccf1df_6.0.19041.1110_none_60b5254171f9507e;C:\Program Files\Android\Android Studio\jre\bin\server

VM Arguments:
java_command: org.jetbrains.kotlin.cli.jvm.K2JVMCompiler @C:\Users\EDUCACION\AndroidStudioProjects\ExampleMVVM\app\build\20220429_9551726658120886456.compiler.options
java_class_path (initial): C:\Users\EDUCACION\.gradle\caches\modules-2\files-2.1\org.jetbrains.kotlin\kotlin-compiler-embeddable\1.6.10\88f2073f4020cdb83132cfe940ceb9a60aba54ea\kotlin-compiler-embeddable-1.6.10.jar;C:\Users\EDUCACION\.gradle\caches\modules-2\files-2.1\org.jetbrains.kotlin\kotlin-reflect\1.6.10\1cbe9c92c12a94eea200d23c2bbaedaf3daf5132\kotlin-reflect-1.6.10.jar;C:\Users\EDUCACION\.gradle\caches\modules-2\files-2.1\org.jetbrains.kotlin\kotlin-stdlib\1.6.10\b8af3fe6f1ca88526914929add63cf5e7c5049af\kotlin-stdlib-1.6.10.jar;C:\Users\EDUCACION\.gradle\caches\modules-2\files-2.1\org.jetbrains.kotlin\kotlin-script-runtime\1.6.10\d0a7ff2e2500ef497ed0214ae40ad3c8387a6164\kotlin-script-runtime-1.6.10.jar;C:\Users\EDUCACION\.gradle\caches\modules-2\files-2.1\org.jetbrains.kotlin\kotlin-daemon-embeddable\1.6.10\a56d79bcbea411fa6058e4ecffc2de73e742bd2a\kotlin-daemon-embeddable-1.6.10.jar;C:\Users\EDUCACION\.gradle\caches\modules-2\files-2.1\org.jetbrains.intellij.deps\trove4j\1.0.20181211\216c2e14b070f334479d800987affe4054cd563f\trove4j-1.0.20181211.jar;C:\Users\EDUCACION\.gradle\caches\modules-2\files-2.1\net.java.dev.jna\jna\5.6.0\330f2244e9030119ab3030fc3fededc86713d9cc\jna-5.6.0.jar;C:\Users\EDUCACION\.gradle\caches\modules-2\files-2.1\org.jetbrains\annotations\13.0\919f0dfe192fb4e063e7dacadee7f8bb9a2672a9\annotations-13.0.jar;C:\Users\EDUCACION\.gradle\caches\modules-2\files-2.1\org.jetbrains.kotlin\kotlin-stdlib-common\1.6.10\c118700e3a33c8a0d9adc920e9dec0831171925\kotlin-stdlib-common-1.6.10.jar
Launcher Type: SUN_STANDARD

[Global flags]
     intx CICompilerCount                          = 2                                         {product} {ergonomic}
     uint ConcGCThreads                            = 1                                         {product} {ergonomic}
     uint G1ConcRefinementThreads                  = 2                                         {product} {ergonomic}
   size_t G1HeapRegionSize                         = 1048576                                   {product} {ergonomic}
    uintx GCDrainStackTargetSize                   = 64                                        {product} {ergonomic}
   size_t InitialHeapSize                          = 65011712                                  {product} {ergonomic}
   size_t MarkStackSize                            = 4194304                                   {product} {ergonomic}
   size_t MaxHeapSize                              = 1029701632                                {product} {ergonomic}
   size_t MaxNewSize                               = 617611264                                 {product} {ergonomic}
   size_t MinHeapDeltaBytes                        = 1048576                                   {product} {ergonomic}
    uintx NonNMethodCodeHeapSize                   = 5825164                                {pd product} {ergonomic}
    uintx NonProfiledCodeHeapSize                  = 122916538                              {pd product} {ergonomic}
    uintx ProfiledCodeHeapSize                     = 122916538                              {pd product} {ergonomic}
    uintx ReservedCodeCacheSize                    = 251658240                              {pd product} {ergonomic}
     bool SegmentedCodeCache                       = true                                      {product} {ergonomic}
     bool UseCompressedClassPointers               = true                                 {lp64_product} {ergonomic}
     bool UseCompressedOops                        = true                                 {lp64_product} {ergonomic}
     bool UseG1GC                                  = true                                      {product} {ergonomic}
     bool UseLargePagesIndividualAllocation        = false                                  {pd product} {ergonomic}

Logging:
Log output configuration:
 #0: stdout all=warning uptime,level,tags
 #1: stderr all=off uptime,level,tags

Environment Variables:
PATH=C:\Program Files\Haskell\bin;C:\Program Files\Haskell Platform\8.6.5\lib\extralibs\bin;C:\Program Files\Haskell Platform\8.6.5\bin;C:\C:\Program Files\Java\jdk-17.0.1\bin;C:\C:\Users\EDUCACION\Downloads\javacc-5.0.jar;C:\WINDOWS\system32;C:\WINDOWS;C:\WINDOWS\System32\Wbem;C:\WINDOWS\System32\WindowsPowerShell\v1.0\;C:\WINDOWS\System32\OpenSSH\;C:\Program Files\Microsoft SQL Server\130\Tools\Binn\;C:\Program Files\Microsoft SQL Server\Client SDK\ODBC\170\Tools\Binn\;C:\Program Files\Microsoft SQL Server\110\Tools\Binn\;C:\Program Files (x86)\Microsoft SQL Server\110\Tools\Binn\;C:\Program Files\Microsoft SQL Server\110\DTS\Binn\;C:\Program Files (x86)\Microsoft SQL Server\110\Tools\Binn\ManagementStudio\;C:\Program Files (x86)\Microsoft Visual Studio 10.0\Common7\IDE\PrivateAssemblies\;C:\Program Files (x86)\Microsoft SQL Server\110\DTS\Binn\;C:\Program Files\Git\cmd;C:\Program Files\dotnet\;C:\ProgramData\chocolatey\bin;C:\Program Files\Haskell Platform\8.6.5\mingw\bin;C:\Users\EDUCACION\AppData\Roaming\cabal\bin;C:\Users\EDUCACION\AppData\Roaming\local\bin;C:\Users\EDUCACION\AppData\Local\Microsoft\WindowsApps;C:\Users\EDUCACION\AppData\Local\Programs\Microsoft VS Code\bin;C:\Users\EDUCACION\.dotnet\tools;C:\tools\ghc-9.2.1\bin;C:\tools\msys64
USERNAME=EDUCACION
OS=Windows_NT
PROCESSOR_IDENTIFIER=Intel64 Family 6 Model 122 Stepping 1, GenuineIntel



---------------  S Y S T E M  ---------------

OS: Windows 10 , 64 bit Build 19041 (10.0.19041.1645)
OS uptime: 0 days 8:50 hours

CPU:total 2 (initial active 2) (2 cores per cpu, 1 threads per core) family 6 model 122 stepping 1 microcode 0x2e, cmov, cx8, fxsr, mmx, sse, sse2, sse3, ssse3, sse4.1, sse4.2, popcnt, aes, clmul, erms, 3dnowpref, tsc, tscinvbit, sha

Memory: 4k page, system-wide physical 3920M (352M free)
TotalPageFile size 7555M (AvailPageFile size 5M)
current process WorkingSet (physical memory assigned to process): 196M, peak: 199M
current process commit charge ("private bytes"): 237M, peak: 239M

vm_info: OpenJDK 64-Bit Server VM (11.0.10+0-b96-7249189) for windows-amd64 JRE (11.0.10+0-b96-7249189), built on Mar 31 2021 21:44:00 by "builder" with MS VC++ 14.0 (VS2015)

END.
